Arguments: 
  C:\Program Files\nodejs\node.exe C:\Users\Ashtar Globals\AppData\Roaming\npm\node_modules\yarn\bin\yarn.js add react-native-heroicons react-native-svg

PATH: 
  C:\Windows\system32;C:\Windows;C:\Windows\System32\Wbem;C:\Windows\System32\WindowsPowerShell\v1.0\;C:\Windows\System32\OpenSSH\;C:\Program Files\nodejs\;C:\Program Files\Git\cmd;C:\Users\Ashtar Globals\AppData\Local\Microsoft\WindowsApps;C:\Users\Ashtar Globals\AppData\Roaming\npm;C:\Users\Ashtar Globals\AppData\Local\Programs\Microsoft VS Code\bin

Yarn version: 
  1.22.19

Node version: 
  16.16.0

Platform: 
  win32 x64

Trace: 
  Error: EPERM: operation not permitted, unlink 'C:\Users\Ashtar Globals\Documents\ReactNative\deliveroo\node_modules\@jest\create-cache-key-function\node_modules\color-convert'

npm manifest: 
  {
    "name": "deliveroo",
    "version": "1.0.0",
    "main": "node_modules/expo/AppEntry.js",
    "scripts": {
      "start": "expo start",
      "android": "expo start --android",
      "ios": "expo start --ios",
      "web": "expo start --web",
      "eject": "expo eject"
    },
    "dependencies": {
      "@react-navigation/native": "^6.0.11",
      "@react-navigation/native-stack": "^6.7.0",
      "expo": "~45.0.0",
      "expo-status-bar": "~1.3.0",
      "react": "17.0.2",
      "react-dom": "17.0.2",
      "react-native": "0.68.2",
      "react-native-heroicons": "^2.2.0",
      "react-native-safe-area-context": "4.2.4",
      "react-native-screens": "~3.11.1",
      "react-native-svg": "^12.4.3",
      "react-native-web": "0.17.7",
      "react-navigation": "^4.4.4",
      "tailwindcss-react-native": "^1.7.10"
    },
    "devDependencies": {
      "@babel/core": "^7.12.9",
      "tailwindcss": "^3.1.8"
    },
    "private": true
  }

yarn manifest: 
  No manifest

Lockfile: 
  No lockfile
